<?xml version="1.0" encoding="UTF-8"?>
<!-- Generated by org.testng.reporters.JUnitReportReporter -->
<testsuite hostname="DESKTOP-QVS0VCR" name="com.gmail.login.qa.login" tests="1" failures="0" timestamp="1 Mar 2019 12:55:27 GMT" time="0.026" errors="0">
  <testcase name="testHello" time="0.026" classname="com.gmail.login.qa.login"/>
</testsuite>
